2017-01-10 18:52:18,825  INFO Main:48 - Starting Main on gac-PC with PID 6512 (E:\github\code\src\softs\activiti\target\classes started by gac in E:\github\code\src\softs)
2017-01-10 18:52:18,825  INFO Main:664 - The following profiles are active: dev
2017-01-10 18:52:18,887  INFO AnnotationConfigEmbeddedWebApplicationContext:578 - Refreshing org.springframework.boot.context.embedded.AnnotationConfigEmbeddedWebApplicationContext@7a30d1e6: startup date [Tue Jan 10 18:52:18 CST 2017]; root of context hierarchy
2017-01-10 18:52:19,644  INFO XmlBeanDefinitionReader:317 - Loading XML bean definitions from class path resource [spring-activiti.xml]
2017-01-10 18:52:19,978  INFO PropertyPlaceholderConfigurer:172 - Loading properties file from class path resource [db.properties]
2017-01-10 18:52:20,024  INFO PostProcessorRegistrationDelegate$BeanPostProcessorChecker:328 - Bean 'org.springframework.transaction.annotation.ProxyTransactionManagementConfiguration' of type [class org.springframework.transaction.annotation.ProxyTransactionManagementConfiguration$$EnhancerBySpringCGLIB$$a8bdcb46] is not eligible for getting processed by all BeanPostProcessors (for example: not eligible for auto-proxying)
2017-01-10 18:52:20,103  WARN AnnotationConfigEmbeddedWebApplicationContext:546 - Exception encountered during context initialization - cancelling refresh attempt: org.springframework.context.ApplicationContextException: Unable to start embedded container; nested exception is org.springframework.beans.factory.BeanCreationException: Error creating bean with name 'tomcatEmbeddedServletContainerFactory' defined in class path resource [org/springframework/boot/autoconfigure/web/EmbeddedServletContainerAutoConfiguration$EmbeddedTomcat.class]: Initialization of bean failed; nested exception is org.springframework.beans.factory.BeanCreationException: Error creating bean with name 'org.springframework.boot.autoconfigure.web.ErrorMvcAutoConfiguration': Injection of autowired dependencies failed; nested exception is org.springframework.beans.factory.BeanCreationException: Could not autowire field: private org.springframework.boot.autoconfigure.web.ServerProperties org.springframework.boot.autoconfigure.web.ErrorMvcAutoConfiguration.properties; nested exception is org.springframework.beans.factory.BeanCreationException: Error creating bean with name 'serverProperties' defined in class path resource [org/springframework/boot/autoconfigure/web/ServerPropertiesAutoConfiguration.class]: Initialization of bean failed; nested exception is javax.validation.ValidationException: Unable to create a Configuration, because no Bean Validation provider could be found. Add a provider like Hibernate Validator (RI) to your classpath.
2017-01-10 18:52:20,103 ERROR SpringApplication:821 - Application startup failed
org.springframework.context.ApplicationContextException: Unable to start embedded container; nested exception is org.springframework.beans.factory.BeanCreationException: Error creating bean with name 'tomcatEmbeddedServletContainerFactory' defined in class path resource [org/springframework/boot/autoconfigure/web/EmbeddedServletContainerAutoConfiguration$EmbeddedTomcat.class]: Initialization of bean failed; nested exception is org.springframework.beans.factory.BeanCreationException: Error creating bean with name 'org.springframework.boot.autoconfigure.web.ErrorMvcAutoConfiguration': Injection of autowired dependencies failed; nested exception is org.springframework.beans.factory.BeanCreationException: Could not autowire field: private org.springframework.boot.autoconfigure.web.ServerProperties org.springframework.boot.autoconfigure.web.ErrorMvcAutoConfiguration.properties; nested exception is org.springframework.beans.factory.BeanCreationException: Error creating bean with name 'serverProperties' defined in class path resource [org/springframework/boot/autoconfigure/web/ServerPropertiesAutoConfiguration.class]: Initialization of bean failed; nested exception is javax.validation.ValidationException: Unable to create a Configuration, because no Bean Validation provider could be found. Add a provider like Hibernate Validator (RI) to your classpath.
	at org.springframework.boot.context.embedded.EmbeddedWebApplicationContext.onRefresh(EmbeddedWebApplicationContext.java:133)
	at org.springframework.context.support.AbstractApplicationContext.refresh(AbstractApplicationContext.java:532)
	at org.springframework.boot.context.embedded.EmbeddedWebApplicationContext.refresh(EmbeddedWebApplicationContext.java:118)
	at org.springframework.boot.SpringApplication.refresh(SpringApplication.java:760)
	at org.springframework.boot.SpringApplication.createAndRefreshContext(SpringApplication.java:360)
	at org.springframework.boot.SpringApplication.run(SpringApplication.java:306)
	at org.springframework.boot.SpringApplication.run(SpringApplication.java:1185)
	at org.springframework.boot.SpringApplication.run(SpringApplication.java:1174)
	at com.gzfy.Main.main(Main.java:16)
	at sun.reflect.NativeMethodAccessorImpl.invoke0(Native Method)
	at sun.reflect.NativeMethodAccessorImpl.invoke(NativeMethodAccessorImpl.java:62)
	at sun.reflect.DelegatingMethodAccessorImpl.invoke(DelegatingMethodAccessorImpl.java:43)
	at java.lang.reflect.Method.invoke(Method.java:497)
	at com.intellij.rt.execution.application.AppMain.main(AppMain.java:147)
Caused by: org.springframework.beans.factory.BeanCreationException: Error creating bean with name 'tomcatEmbeddedServletContainerFactory' defined in class path resource [org/springframework/boot/autoconfigure/web/EmbeddedServletContainerAutoConfiguration$EmbeddedTomcat.class]: Initialization of bean failed; nested exception is org.springframework.beans.factory.BeanCreationException: Error creating bean with name 'org.springframework.boot.autoconfigure.web.ErrorMvcAutoConfiguration': Injection of autowired dependencies failed; nested exception is org.springframework.beans.factory.BeanCreationException: Could not autowire field: private org.springframework.boot.autoconfigure.web.ServerProperties org.springframework.boot.autoconfigure.web.ErrorMvcAutoConfiguration.properties; nested exception is org.springframework.beans.factory.BeanCreationException: Error creating bean with name 'serverProperties' defined in class path resource [org/springframework/boot/autoconfigure/web/ServerPropertiesAutoConfiguration.class]: Initialization of bean failed; nested exception is javax.validation.ValidationException: Unable to create a Configuration, because no Bean Validation provider could be found. Add a provider like Hibernate Validator (RI) to your classpath.
	at org.springframework.beans.factory.support.AbstractAutowireCapableBeanFactory.doCreateBean(AbstractAutowireCapableBeanFactory.java:553)
	at org.springframework.beans.factory.support.AbstractAutowireCapableBeanFactory.createBean(AbstractAutowireCapableBeanFactory.java:482)
	at org.springframework.beans.factory.support.AbstractBeanFactory$1.getObject(AbstractBeanFactory.java:306)
	at org.springframework.beans.factory.support.DefaultSingletonBeanRegistry.getSingleton(DefaultSingletonBeanRegistry.java:230)
	at org.springframework.beans.factory.support.AbstractBeanFactory.doGetBean(AbstractBeanFactory.java:302)
	at org.springframework.beans.factory.support.AbstractBeanFactory.getBean(AbstractBeanFactory.java:202)
	at org.springframework.boot.context.embedded.EmbeddedWebApplicationContext.getEmbeddedServletContainerFactory(EmbeddedWebApplicationContext.java:195)
	at org.springframework.boot.context.embedded.EmbeddedWebApplicationContext.createEmbeddedServletContainer(EmbeddedWebApplicationContext.java:158)
	at org.springframework.boot.context.embedded.EmbeddedWebApplicationContext.onRefresh(EmbeddedWebApplicationContext.java:130)
	... 13 more
Caused by: org.springframework.beans.factory.BeanCreationException: Error creating bean with name 'org.springframework.boot.autoconfigure.web.ErrorMvcAutoConfiguration': Injection of autowired dependencies failed; nested exception is org.springframework.beans.factory.BeanCreationException: Could not autowire field: private org.springframework.boot.autoconfigure.web.ServerProperties org.springframework.boot.autoconfigure.web.ErrorMvcAutoConfiguration.properties; nested exception is org.springframework.beans.factory.BeanCreationException: Error creating bean with name 'serverProperties' defined in class path resource [org/springframework/boot/autoconfigure/web/ServerPropertiesAutoConfiguration.class]: Initialization of bean failed; nested exception is javax.validation.ValidationException: Unable to create a Configuration, because no Bean Validation provider could be found. Add a provider like Hibernate Validator (RI) to your classpath.
	at org.springframework.beans.factory.annotation.AutowiredAnnotationBeanPostProcessor.postProcessPropertyValues(AutowiredAnnotationBeanPostProcessor.java:334)
	at org.springframework.beans.factory.support.AbstractAutowireCapableBeanFactory.populateBean(AbstractAutowireCapableBeanFactory.java:1218)
	at org.springframework.beans.factory.support.AbstractAutowireCapableBeanFactory.doCreateBean(AbstractAutowireCapableBeanFactory.java:543)
	at org.springframework.beans.factory.support.AbstractAutowireCapableBeanFactory.createBean(AbstractAutowireCapableBeanFactory.java:482)
	at org.springframework.beans.factory.support.AbstractBeanFactory$1.getObject(AbstractBeanFactory.java:306)
	at org.springframework.beans.factory.support.DefaultSingletonBeanRegistry.getSingleton(DefaultSingletonBeanRegistry.java:230)
	at org.springframework.beans.factory.support.AbstractBeanFactory.doGetBean(AbstractBeanFactory.java:302)
	at org.springframework.beans.factory.support.AbstractBeanFactory.getBean(AbstractBeanFactory.java:197)
	at org.springframework.beans.factory.support.ConstructorResolver.instantiateUsingFactoryMethod(ConstructorResolver.java:368)
	at org.springframework.beans.factory.support.AbstractAutowireCapableBeanFactory.instantiateUsingFactoryMethod(AbstractAutowireCapableBeanFactory.java:1127)
	at org.springframework.beans.factory.support.AbstractAutowireCapableBeanFactory.createBeanInstance(AbstractAutowireCapableBeanFactory.java:1022)
	at org.springframework.beans.factory.support.AbstractAutowireCapableBeanFactory.doCreateBean(AbstractAutowireCapableBeanFactory.java:510)
	at org.springframework.beans.factory.support.AbstractAutowireCapableBeanFactory.createBean(AbstractAutowireCapableBeanFactory.java:482)
	at org.springframework.beans.factory.support.AbstractBeanFactory$1.getObject(AbstractBeanFactory.java:306)
	at org.springframework.beans.factory.support.DefaultSingletonBeanRegistry.getSingleton(DefaultSingletonBeanRegistry.java:230)
	at org.springframework.beans.factory.support.AbstractBeanFactory.doGetBean(AbstractBeanFactory.java:302)
	at org.springframework.beans.factory.support.AbstractBeanFactory.getBean(AbstractBeanFactory.java:202)
	at org.springframework.beans.factory.support.DefaultListableBeanFactory.getBeansOfType(DefaultListableBeanFactory.java:536)
	at org.springframework.context.support.AbstractApplicationContext.getBeansOfType(AbstractApplicationContext.java:1170)
	at org.springframework.boot.context.embedded.EmbeddedServletContainerCustomizerBeanPostProcessor.getCustomizers(EmbeddedServletContainerCustomizerBeanPostProcessor.java:77)
	at org.springframework.boot.context.embedded.EmbeddedServletContainerCustomizerBeanPostProcessor.postProcessBeforeInitialization(EmbeddedServletContainerCustomizerBeanPostProcessor.java:67)
	at org.springframework.boot.context.embedded.EmbeddedServletContainerCustomizerBeanPostProcessor.postProcessBeforeInitialization(EmbeddedServletContainerCustomizerBeanPostProcessor.java:54)
	at org.springframework.beans.factory.support.AbstractAutowireCapableBeanFactory.applyBeanPostProcessorsBeforeInitialization(AbstractAutowireCapableBeanFactory.java:408)
	at org.springframework.beans.factory.support.AbstractAutowireCapableBeanFactory.initializeBean(AbstractAutowireCapableBeanFactory.java:1574)
	at org.springframework.beans.factory.support.AbstractAutowireCapableBeanFactory.doCreateBean(AbstractAutowireCapableBeanFactory.java:545)
	... 21 more
Caused by: org.springframework.beans.factory.BeanCreationException: Could not autowire field: private org.springframework.boot.autoconfigure.web.ServerProperties org.springframework.boot.autoconfigure.web.ErrorMvcAutoConfiguration.properties; nested exception is org.springframework.beans.factory.BeanCreationException: Error creating bean with name 'serverProperties' defined in class path resource [org/springframework/boot/autoconfigure/web/ServerPropertiesAutoConfiguration.class]: Initialization of bean failed; nested exception is javax.validation.ValidationException: Unable to create a Configuration, because no Bean Validation provider could be found. Add a provider like Hibernate Validator (RI) to your classpath.
	at org.springframework.beans.factory.annotation.AutowiredAnnotationBeanPostProcessor$AutowiredFieldElement.inject(AutowiredAnnotationBeanPostProcessor.java:573)
	at org.springframework.beans.factory.annotation.InjectionMetadata.inject(InjectionMetadata.java:88)
	at org.springframework.beans.factory.annotation.AutowiredAnnotationBeanPostProcessor.postProcessPropertyValues(AutowiredAnnotationBeanPostProcessor.java:331)
	... 45 more
Caused by: org.springframework.beans.factory.BeanCreationException: Error creating bean with name 'serverProperties' defined in class path resource [org/springframework/boot/autoconfigure/web/ServerPropertiesAutoConfiguration.class]: Initialization of bean failed; nested exception is javax.validation.ValidationException: Unable to create a Configuration, because no Bean Validation provider could be found. Add a provider like Hibernate Validator (RI) to your classpath.
	at org.springframework.beans.factory.support.AbstractAutowireCapableBeanFactory.doCreateBean(AbstractAutowireCapableBeanFactory.java:553)
	at org.springframework.beans.factory.support.AbstractAutowireCapableBeanFactory.createBean(AbstractAutowireCapableBeanFactory.java:482)
	at org.springframework.beans.factory.support.AbstractBeanFactory$1.getObject(AbstractBeanFactory.java:306)
	at org.springframework.beans.factory.support.DefaultSingletonBeanRegistry.getSingleton(DefaultSingletonBeanRegistry.java:230)
	at org.springframework.beans.factory.support.AbstractBeanFactory.doGetBean(AbstractBeanFactory.java:302)
	at org.springframework.beans.factory.support.AbstractBeanFactory.getBean(AbstractBeanFactory.java:197)
	at org.springframework.beans.factory.support.DefaultListableBeanFactory.findAutowireCandidates(DefaultListableBeanFactory.java:1199)
	at org.springframework.beans.factory.support.DefaultListableBeanFactory.doResolveDependency(DefaultListableBeanFactory.java:1123)
	at org.springframework.beans.factory.support.DefaultListableBeanFactory.resolveDependency(DefaultListableBeanFactory.java:1021)
	at org.springframework.beans.factory.annotation.AutowiredAnnotationBeanPostProcessor$AutowiredFieldElement.inject(AutowiredAnnotationBeanPostProcessor.java:545)
	... 47 more
Caused by: javax.validation.ValidationException: Unable to create a Configuration, because no Bean Validation provider could be found. Add a provider like Hibernate Validator (RI) to your classpath.
	at javax.validation.Validation$GenericBootstrapImpl.configure(Validation.java:271)
	at org.springframework.validation.beanvalidation.LocalValidatorFactoryBean.afterPropertiesSet(LocalValidatorFactoryBean.java:223)
	at org.springframework.boot.context.properties.ConfigurationPropertiesBindingPostProcessor$LocalValidatorFactory.run(ConfigurationPropertiesBindingPostProcessor.java:441)
	at org.springframework.boot.context.properties.ConfigurationPropertiesBindingPostProcessor.getValidator(ConfigurationPropertiesBindingPostProcessor.java:375)
	at org.springframework.boot.context.properties.ConfigurationPropertiesBindingPostProcessor.determineValidator(ConfigurationPropertiesBindingPostProcessor.java:358)
	at org.springframework.boot.context.properties.ConfigurationPropertiesBindingPostProcessor.postProcessBeforeInitialization(ConfigurationPropertiesBindingPostProcessor.java:317)
	at org.springframework.boot.context.properties.ConfigurationPropertiesBindingPostProcessor.postProcessBeforeInitialization(ConfigurationPropertiesBindingPostProcessor.java:289)
	at org.springframework.beans.factory.support.AbstractAutowireCapableBeanFactory.applyBeanPostProcessorsBeforeInitialization(AbstractAutowireCapableBeanFactory.java:408)
	at org.springframework.beans.factory.support.AbstractAutowireCapableBeanFactory.initializeBean(AbstractAutowireCapableBeanFactory.java:1574)
	at org.springframework.beans.factory.support.AbstractAutowireCapableBeanFactory.doCreateBean(AbstractAutowireCapableBeanFactory.java:545)
	... 56 more
2017-01-10 18:52:20,122  INFO ClasspathLoggingApplicationListener:57 - Application failed to start with classpath: [file:/C:/jdk1.8.0_40/jre/lib/charsets.jar, file:/C:/jdk1.8.0_40/jre/lib/deploy.jar, file:/C:/jdk1.8.0_40/jre/lib/ext/access-bridge-64.jar, file:/C:/jdk1.8.0_40/jre/lib/ext/cldrdata.jar, file:/C:/jdk1.8.0_40/jre/lib/ext/dnsns.jar, file:/C:/jdk1.8.0_40/jre/lib/ext/jaccess.jar, file:/C:/jdk1.8.0_40/jre/lib/ext/jfxrt.jar, file:/C:/jdk1.8.0_40/jre/lib/ext/localedata.jar, file:/C:/jdk1.8.0_40/jre/lib/ext/nashorn.jar, file:/C:/jdk1.8.0_40/jre/lib/ext/sunec.jar, file:/C:/jdk1.8.0_40/jre/lib/ext/sunjce_provider.jar, file:/C:/jdk1.8.0_40/jre/lib/ext/sunmscapi.jar, file:/C:/jdk1.8.0_40/jre/lib/ext/sunpkcs11.jar, file:/C:/jdk1.8.0_40/jre/lib/ext/zipfs.jar, file:/C:/jdk1.8.0_40/jre/lib/javaws.jar, file:/C:/jdk1.8.0_40/jre/lib/jce.jar, file:/C:/jdk1.8.0_40/jre/lib/jfr.jar, file:/C:/jdk1.8.0_40/jre/lib/jfxswt.jar, file:/C:/jdk1.8.0_40/jre/lib/jsse.jar, file:/C:/jdk1.8.0_40/jre/lib/management-agent.jar, file:/C:/jdk1.8.0_40/jre/lib/plugin.jar, file:/C:/jdk1.8.0_40/jre/lib/resources.jar, file:/C:/jdk1.8.0_40/jre/lib/rt.jar, file:/E:/github/code/src/softs/activiti/target/classes/, file:/C:/maventools/repository/org/springframework/boot/spring-boot-starter-web/1.3.8.RELEASE/spring-boot-starter-web-1.3.8.RELEASE.jar, file:/C:/maventools/repository/org/springframework/boot/spring-boot-starter-tomcat/1.3.8.RELEASE/spring-boot-starter-tomcat-1.3.8.RELEASE.jar, file:/C:/maventools/repository/org/apache/tomcat/embed/tomcat-embed-core/8.0.37/tomcat-embed-core-8.0.37.jar, file:/C:/maventools/repository/org/apache/tomcat/embed/tomcat-embed-el/8.0.37/tomcat-embed-el-8.0.37.jar, file:/C:/maventools/repository/org/apache/tomcat/embed/tomcat-embed-logging-juli/8.0.37/tomcat-embed-logging-juli-8.0.37.jar, file:/C:/maventools/repository/org/apache/tomcat/embed/tomcat-embed-websocket/8.0.37/tomcat-embed-websocket-8.0.37.jar, file:/C:/maventools/repository/org/springframework/boot/spring-boot-starter-validation/1.3.8.RELEASE/spring-boot-starter-validation-1.3.8.RELEASE.jar, file:/C:/maventools/repository/org/hibernate/hibernate-validator/5.2.4.Final/hibernate-validator-5.2.4.Final.jar, file:/C:/maventools/repository/javax/validation/validation-api/1.1.0.Final/validation-api-1.1.0.Final.jar, file:/C:/maventools/repository/org/jboss/logging/jboss-logging/3.3.0.Final/jboss-logging-3.3.0.Final.jar, file:/C:/maventools/repository/com/fasterxml/classmate/1.1.0/classmate-1.1.0.jar, file:/C:/maventools/repository/com/fasterxml/jackson/core/jackson-databind/2.6.7/jackson-databind-2.6.7.jar, file:/C:/maventools/repository/com/fasterxml/jackson/core/jackson-annotations/2.6.7/jackson-annotations-2.6.7.jar, file:/C:/maventools/repository/org/springframework/spring-web/4.2.8.RELEASE/spring-web-4.2.8.RELEASE.jar, file:/C:/maventools/repository/org/springframework/spring-aop/4.2.8.RELEASE/spring-aop-4.2.8.RELEASE.jar, file:/C:/maventools/repository/org/springframework/spring-webmvc/4.2.8.RELEASE/spring-webmvc-4.2.8.RELEASE.jar, file:/C:/maventools/repository/org/springframework/spring-expression/4.2.8.RELEASE/spring-expression-4.2.8.RELEASE.jar, file:/C:/maventools/repository/org/springframework/boot/spring-boot-starter/1.3.8.RELEASE/spring-boot-starter-1.3.8.RELEASE.jar, file:/C:/maventools/repository/org/springframework/boot/spring-boot/1.3.8.RELEASE/spring-boot-1.3.8.RELEASE.jar, file:/C:/maventools/repository/org/springframework/boot/spring-boot-autoconfigure/1.3.8.RELEASE/spring-boot-autoconfigure-1.3.8.RELEASE.jar, file:/C:/maventools/repository/org/springframework/spring-core/4.2.8.RELEASE/spring-core-4.2.8.RELEASE.jar, file:/C:/maventools/repository/org/yaml/snakeyaml/1.16/snakeyaml-1.16.jar, file:/C:/maventools/repository/org/springframework/boot/spring-boot-starter-log4j/1.3.8.RELEASE/spring-boot-starter-log4j-1.3.8.RELEASE.jar, file:/C:/maventools/repository/org/slf4j/jcl-over-slf4j/1.7.21/jcl-over-slf4j-1.7.21.jar, file:/C:/maventools/repository/org/slf4j/jul-to-slf4j/1.7.21/jul-to-slf4j-1.7.21.jar, file:/C:/maventools/repository/org/slf4j/slf4j-log4j12/1.7.21/slf4j-log4j12-1.7.21.jar, file:/C:/maventools/repository/log4j/log4j/1.2.17/log4j-1.2.17.jar, file:/C:/maventools/repository/com/alibaba/fastjson/1.2.7/fastjson-1.2.7.jar, file:/C:/maventools/repository/mysql/mysql-connector-java/5.1.39/mysql-connector-java-5.1.39.jar, file:/C:/maventools/repository/org/apache/commons/commons-lang3/3.4/commons-lang3-3.4.jar, file:/C:/maventools/repository/commons-io/commons-io/1.3.2/commons-io-1.3.2.jar, file:/C:/maventools/repository/org/activiti/activiti-engine/5.20.0/activiti-engine-5.20.0.jar, file:/C:/maventools/repository/org/activiti/activiti-bpmn-converter/5.20.0/activiti-bpmn-converter-5.20.0.jar, file:/C:/maventools/repository/org/activiti/activiti-bpmn-model/5.20.0/activiti-bpmn-model-5.20.0.jar, file:/C:/maventools/repository/org/activiti/activiti-process-validation/5.20.0/activiti-process-validation-5.20.0.jar, file:/C:/maventools/repository/org/activiti/activiti-image-generator/5.20.0/activiti-image-generator-5.20.0.jar, file:/C:/maventools/repository/org/apache/commons/commons-email/1.4/commons-email-1.4.jar, file:/C:/maventools/repository/com/sun/mail/javax.mail/1.5.6/javax.mail-1.5.6.jar, file:/C:/maventools/repository/javax/activation/activation/1.1.1/activation-1.1.1.jar, file:/C:/maventools/repository/org/mybatis/mybatis/3.3.0/mybatis-3.3.0.jar, file:/C:/maventools/repository/org/springframework/spring-beans/4.2.8.RELEASE/spring-beans-4.2.8.RELEASE.jar, file:/C:/maventools/repository/joda-time/joda-time/2.8.2/joda-time-2.8.2.jar, file:/C:/maventools/repository/org/slf4j/slf4j-api/1.7.21/slf4j-api-1.7.21.jar, file:/C:/maventools/repository/org/activiti/activiti-spring/5.20.0/activiti-spring-5.20.0.jar, file:/C:/maventools/repository/org/springframework/spring-context/4.2.8.RELEASE/spring-context-4.2.8.RELEASE.jar, file:/C:/maventools/repository/org/springframework/spring-jdbc/4.2.8.RELEASE/spring-jdbc-4.2.8.RELEASE.jar, file:/C:/maventools/repository/org/springframework/spring-tx/4.2.8.RELEASE/spring-tx-4.2.8.RELEASE.jar, file:/C:/maventools/repository/org/springframework/spring-orm/4.2.8.RELEASE/spring-orm-4.2.8.RELEASE.jar, file:/C:/maventools/repository/commons-dbcp/commons-dbcp/1.4/commons-dbcp-1.4.jar, file:/C:/maventools/repository/commons-pool/commons-pool/1.6/commons-pool-1.6.jar, file:/C:/maventools/repository/org/activiti/activiti-modeler/5.20.0/activiti-modeler-5.20.0.jar, file:/C:/maventools/repository/org/activiti/activiti-common-rest/5.20.0/activiti-common-rest-5.20.0.jar, file:/C:/maventools/repository/org/activiti/activiti-json-converter/5.20.0/activiti-json-converter-5.20.0.jar, file:/C:/maventools/repository/math/geom2d/javaGeom/0.11.1/javaGeom-0.11.1.jar, file:/C:/maventools/repository/org/springframework/security/spring-security-config/4.0.4.RELEASE/spring-security-config-4.0.4.RELEASE.jar, file:/C:/maventools/repository/aopalliance/aopalliance/1.0/aopalliance-1.0.jar, file:/C:/maventools/repository/org/springframework/security/spring-security-core/4.0.4.RELEASE/spring-security-core-4.0.4.RELEASE.jar, file:/C:/maventools/repository/org/springframework/security/spring-security-crypto/4.0.4.RELEASE/spring-security-crypto-4.0.4.RELEASE.jar, file:/C:/maventools/repository/org/springframework/security/spring-security-web/4.0.4.RELEASE/spring-security-web-4.0.4.RELEASE.jar, file:/C:/maventools/repository/org/apache/xmlgraphics/batik-parser/1.7/batik-parser-1.7.jar, file:/C:/maventools/repository/org/apache/xmlgraphics/batik-awt-util/1.7/batik-awt-util-1.7.jar, file:/C:/maventools/repository/org/apache/xmlgraphics/batik-util/1.7/batik-util-1.7.jar, file:/C:/maventools/repository/org/apache/xmlgraphics/batik-xml/1.7/batik-xml-1.7.jar, file:/C:/maventools/repository/org/apache/xmlgraphics/batik-transcoder/1.7/batik-transcoder-1.7.jar, file:/C:/maventools/repository/org/apache/xmlgraphics/fop/0.94/fop-0.94.jar, file:/C:/maventools/repository/org/apache/xmlgraphics/xmlgraphics-commons/1.2/xmlgraphics-commons-1.2.jar, file:/C:/maventools/repository/commons-logging/commons-logging/1.0.4/commons-logging-1.0.4.jar, file:/C:/maventools/repository/org/apache/avalon/framework/avalon-framework-api/4.3.1/avalon-framework-api-4.3.1.jar, file:/C:/maventools/repository/org/apache/avalon/framework/avalon-framework-impl/4.3.1/avalon-framework-impl-4.3.1.jar, file:/C:/maventools/repository/org/apache/xmlgraphics/batik-dom/1.7/batik-dom-1.7.jar, file:/C:/maventools/repository/org/apache/xmlgraphics/batik-gvt/1.7/batik-gvt-1.7.jar, file:/C:/maventools/repository/xml-apis/xml-apis-ext/1.3.04/xml-apis-ext-1.3.04.jar, file:/C:/maventools/repository/org/apache/xmlgraphics/batik-bridge/1.7/batik-bridge-1.7.jar, file:/C:/maventools/repository/org/apache/xmlgraphics/batik-anim/1.7/batik-anim-1.7.jar, file:/C:/maventools/repository/org/apache/xmlgraphics/batik-ext/1.7/batik-ext-1.7.jar, file:/C:/maventools/repository/org/apache/xmlgraphics/batik-script/1.7/batik-script-1.7.jar, file:/C:/maventools/repository/org/apache/xmlgraphics/batik-js/1.7/batik-js-1.7.jar, file:/C:/maventools/repository/xml-apis/xml-apis/1.3.04/xml-apis-1.3.04.jar, file:/C:/maventools/repository/org/apache/xmlgraphics/batik-codec/1.7/batik-codec-1.7.jar, file:/C:/maventools/repository/org/apache/xmlgraphics/batik-css/1.7/batik-css-1.7.jar, file:/C:/maventools/repository/org/apache/xmlgraphics/batik-svg-dom/1.7/batik-svg-dom-1.7.jar, file:/C:/maventools/repository/org/apache/xmlgraphics/batik-svggen/1.7/batik-svggen-1.7.jar, file:/C:/maventools/repository/com/fasterxml/jackson/core/jackson-core/2.7.4/jackson-core-2.7.4.jar, file:/E:/soft/jetbrains/IntelliJ%20IDEA%202016.3.1/lib/idea_rt.jar]
2017-01-10 18:54:43,828  INFO Main:48 - Starting Main on gac-PC with PID 8564 (E:\github\code\src\softs\activiti\target\classes started by gac in E:\github\code\src\softs)
2017-01-10 18:54:43,839  INFO Main:664 - The following profiles are active: dev
2017-01-10 18:54:43,960  INFO AnnotationConfigEmbeddedWebApplicationContext:578 - Refreshing org.springframework.boot.context.embedded.AnnotationConfigEmbeddedWebApplicationContext@2d5fda63: startup date [Tue Jan 10 18:54:43 CST 2017]; root of context hierarchy
2017-01-10 18:54:44,636  INFO Version:27 - HV000001: Hibernate Validator 5.1.1.Final
2017-01-10 18:54:44,812  INFO XmlBeanDefinitionReader:317 - Loading XML bean definitions from class path resource [spring-activiti.xml]
2017-01-10 18:54:45,162  INFO PropertyPlaceholderConfigurer:172 - Loading properties file from class path resource [db.properties]
2017-01-10 18:54:45,210  INFO PostProcessorRegistrationDelegate$BeanPostProcessorChecker:328 - Bean 'org.springframework.transaction.annotation.ProxyTransactionManagementConfiguration' of type [class org.springframework.transaction.annotation.ProxyTransactionManagementConfiguration$$EnhancerBySpringCGLIB$$d4ef02b5] is not eligible for getting processed by all BeanPostProcessors (for example: not eligible for auto-proxying)
2017-01-10 18:54:45,616  INFO TomcatEmbeddedServletContainer:81 - Tomcat initialized with port(s): 8080 (http)
2017-01-10 18:54:45,631  INFO StandardService:180 - Starting service Tomcat
2017-01-10 18:54:45,631  INFO StandardEngine:180 - Starting Servlet Engine: Apache Tomcat/8.0.37
2017-01-10 18:54:45,725  INFO [/]:180 - Initializing Spring embedded WebApplicationContext
2017-01-10 18:54:45,725  INFO ContextLoader:272 - Root WebApplicationContext: initialization completed in 1765 ms
2017-01-10 18:54:45,962  INFO ServletRegistrationBean:189 - Mapping servlet: 'dispatcherServlet' to [/]
2017-01-10 18:54:45,966  INFO FilterRegistrationBean:258 - Mapping filter: 'characterEncodingFilter' to: [/*]
2017-01-10 18:54:45,966  INFO FilterRegistrationBean:258 - Mapping filter: 'hiddenHttpMethodFilter' to: [/*]
2017-01-10 18:54:45,967  INFO FilterRegistrationBean:258 - Mapping filter: 'httpPutFormContentFilter' to: [/*]
2017-01-10 18:54:45,967  INFO FilterRegistrationBean:258 - Mapping filter: 'requestContextFilter' to: [/*]
2017-01-10 18:54:46,515 DEBUG LogFactory:135 - Logging initialized using 'class org.apache.ibatis.logging.slf4j.Slf4jImpl' adapter.
2017-01-10 18:54:47,184 DEBUG ManagedTransaction:89 - Opening JDBC Connection
2017-01-10 18:54:47,293 DEBUG ManagedTransaction:81 - Closing JDBC Connection [Transaction-aware proxy for target Connection [jdbc:mysql://localhost:3306/activiti?useUnicode=true&characterEncoding=utf-8&zeroDateTimeBehavior=convertToNull&transformedBitIsBoolean=true, UserName=root@localhost, MySQL Connector Java]]
2017-01-10 18:54:47,293  INFO ProcessEngineImpl:85 - ProcessEngine default created
2017-01-10 18:54:47,506  INFO RequestMappingHandlerAdapter:539 - Looking for @ControllerAdvice: org.springframework.boot.context.embedded.AnnotationConfigEmbeddedWebApplicationContext@2d5fda63: startup date [Tue Jan 10 18:54:43 CST 2017]; root of context hierarchy
2017-01-10 18:54:47,569  INFO RequestMappingHandlerMapping:540 - Mapped "{[/service/editor/stencilset],methods=[GET],produces=[application/json;charset=utf-8]}" onto public java.lang.String com.gzfy.activiti.rest.editor.main.StencilsetRestResource.getStencilset()
2017-01-10 18:54:47,569  INFO RequestMappingHandlerMapping:540 - Mapped "{[/service/model/{modelId}/json],methods=[GET],produces=[application/json]}" onto public com.fasterxml.jackson.databind.node.ObjectNode com.gzfy.activiti.rest.editor.model.ModelEditorJsonRestResource.getEditorJson(java.lang.String)
2017-01-10 18:54:47,569  INFO RequestMappingHandlerMapping:540 - Mapped "{[/service/model/{modelId}/save],methods=[PUT]}" onto public void com.gzfy.activiti.rest.editor.model.ModelSaveRestResource.saveModel(java.lang.String,org.springframework.util.MultiValueMap<java.lang.String, java.lang.String>)
2017-01-10 18:54:47,569  INFO RequestMappingHandlerMapping:540 - Mapped "{[/error]}" onto public org.springframework.http.ResponseEntity<java.util.Map<java.lang.String, java.lang.Object>> org.springframework.boot.autoconfigure.web.BasicErrorController.error(javax.servlet.http.HttpServletRequest)
2017-01-10 18:54:47,569  INFO RequestMappingHandlerMapping:540 - Mapped "{[/error],produces=[text/html]}" onto public org.springframework.web.servlet.ModelAndView org.springframework.boot.autoconfigure.web.BasicErrorController.errorHtml(javax.servlet.http.HttpServletRequest,javax.servlet.http.HttpServletResponse)
2017-01-10 18:54:47,584  INFO SimpleUrlHandlerMapping:341 - Mapped URL path [/webjars/**] onto handler of type [class org.springframework.web.servlet.resource.ResourceHttpRequestHandler]
2017-01-10 18:54:47,584  INFO SimpleUrlHandlerMapping:341 - Mapped URL path [/**] onto handler of type [class org.springframework.web.servlet.resource.ResourceHttpRequestHandler]
2017-01-10 18:54:47,619  INFO SimpleUrlHandlerMapping:341 - Mapped URL path [/**/favicon.ico] onto handler of type [class org.springframework.web.servlet.resource.ResourceHttpRequestHandler]
2017-01-10 18:54:47,775  INFO OptionalLiveReloadServer:58 - LiveReload server is running on port 35729
2017-01-10 18:54:47,801  INFO AnnotationMBeanExporter:431 - Registering beans for JMX exposure on startup
2017-01-10 18:54:47,832  INFO Http11NioProtocol:180 - Initializing ProtocolHandler ["http-nio-8080"]
2017-01-10 18:54:47,848  INFO Http11NioProtocol:180 - Starting ProtocolHandler ["http-nio-8080"]
2017-01-10 18:54:47,848  INFO NioSelectorPool:180 - Using a shared selector for servlet write/read
2017-01-10 18:54:47,863  INFO TomcatEmbeddedServletContainer:162 - Tomcat started on port(s): 8080 (http)
2017-01-10 18:54:47,863  INFO Main:57 - Started Main in 4.41 seconds (JVM running for 4.92)
2017-01-10 19:41:15,485  INFO Main:48 - Starting Main on gac-PC with PID 8732 (E:\github\code\src\softs\activiti\target\classes started by gac in E:\github\code\src\softs)
2017-01-10 19:41:15,485  INFO Main:664 - The following profiles are active: dev
2017-01-10 19:41:15,661  INFO AnnotationConfigEmbeddedWebApplicationContext:578 - Refreshing org.springframework.boot.context.embedded.AnnotationConfigEmbeddedWebApplicationContext@3293ff1b: startup date [Tue Jan 10 19:41:15 CST 2017]; root of context hierarchy
2017-01-10 19:41:16,152  INFO Version:30 - HV000001: Hibernate Validator 5.2.4.Final
2017-01-10 19:41:16,491  INFO XmlBeanDefinitionReader:317 - Loading XML bean definitions from class path resource [spring-activiti.xml]
2017-01-10 19:41:16,856  INFO PropertyPlaceholderConfigurer:172 - Loading properties file from class path resource [db.properties]
2017-01-10 19:41:16,911  INFO PostProcessorRegistrationDelegate$BeanPostProcessorChecker:328 - Bean 'org.springframework.transaction.annotation.ProxyTransactionManagementConfiguration' of type [class org.springframework.transaction.annotation.ProxyTransactionManagementConfiguration$$EnhancerBySpringCGLIB$$e29d51ab] is not eligible for getting processed by all BeanPostProcessors (for example: not eligible for auto-proxying)
2017-01-10 19:41:17,265  INFO TomcatEmbeddedServletContainer:81 - Tomcat initialized with port(s): 8080 (http)
2017-01-10 19:41:17,280  INFO StandardService:180 - Starting service Tomcat
2017-01-10 19:41:17,280  INFO StandardEngine:180 - Starting Servlet Engine: Apache Tomcat/8.0.37
2017-01-10 19:41:17,374  INFO [/]:180 - Initializing Spring embedded WebApplicationContext
2017-01-10 19:41:17,374  INFO ContextLoader:272 - Root WebApplicationContext: initialization completed in 1713 ms
2017-01-10 19:41:17,601  INFO ServletRegistrationBean:189 - Mapping servlet: 'dispatcherServlet' to [/]
2017-01-10 19:41:17,601  INFO FilterRegistrationBean:258 - Mapping filter: 'characterEncodingFilter' to: [/*]
2017-01-10 19:41:17,601  INFO FilterRegistrationBean:258 - Mapping filter: 'hiddenHttpMethodFilter' to: [/*]
2017-01-10 19:41:17,601  INFO FilterRegistrationBean:258 - Mapping filter: 'httpPutFormContentFilter' to: [/*]
2017-01-10 19:41:17,601  INFO FilterRegistrationBean:258 - Mapping filter: 'requestContextFilter' to: [/*]
2017-01-10 19:41:18,105 DEBUG LogFactory:135 - Logging initialized using 'class org.apache.ibatis.logging.slf4j.Slf4jImpl' adapter.
2017-01-10 19:41:18,746 DEBUG ManagedTransaction:89 - Opening JDBC Connection
2017-01-10 19:41:18,778 DEBUG ManagedTransaction:81 - Closing JDBC Connection [Transaction-aware proxy for target Connection [jdbc:mysql://localhost:3306/activiti?useUnicode=true&characterEncoding=utf-8&zeroDateTimeBehavior=convertToNull&transformedBitIsBoolean=true, UserName=root@localhost, MySQL Connector Java]]
2017-01-10 19:41:18,793  INFO ProcessEngineImpl:85 - ProcessEngine default created
2017-01-10 19:41:18,983  INFO RequestMappingHandlerAdapter:539 - Looking for @ControllerAdvice: org.springframework.boot.context.embedded.AnnotationConfigEmbeddedWebApplicationContext@3293ff1b: startup date [Tue Jan 10 19:41:15 CST 2017]; root of context hierarchy
2017-01-10 19:41:19,045  INFO RequestMappingHandlerMapping:540 - Mapped "{[/service/editor/stencilset],methods=[GET],produces=[application/json;charset=utf-8]}" onto public java.lang.String com.gzfy.activiti.rest.editor.main.StencilsetRestResource.getStencilset()
2017-01-10 19:41:19,045  INFO RequestMappingHandlerMapping:540 - Mapped "{[/service/model/{modelId}/json],methods=[GET],produces=[application/json]}" onto public com.fasterxml.jackson.databind.node.ObjectNode com.gzfy.activiti.rest.editor.model.ModelEditorJsonRestResource.getEditorJson(java.lang.String)
2017-01-10 19:41:19,045  INFO RequestMappingHandlerMapping:540 - Mapped "{[/service/model/{modelId}/save],methods=[PUT]}" onto public void com.gzfy.activiti.rest.editor.model.ModelSaveRestResource.saveModel(java.lang.String,org.springframework.util.MultiValueMap<java.lang.String, java.lang.String>)
2017-01-10 19:41:19,045  INFO RequestMappingHandlerMapping:540 - Mapped "{[/error]}" onto public org.springframework.http.ResponseEntity<java.util.Map<java.lang.String, java.lang.Object>> org.springframework.boot.autoconfigure.web.BasicErrorController.error(javax.servlet.http.HttpServletRequest)
2017-01-10 19:41:19,045  INFO RequestMappingHandlerMapping:540 - Mapped "{[/error],produces=[text/html]}" onto public org.springframework.web.servlet.ModelAndView org.springframework.boot.autoconfigure.web.BasicErrorController.errorHtml(javax.servlet.http.HttpServletRequest,javax.servlet.http.HttpServletResponse)
2017-01-10 19:41:19,061  INFO SimpleUrlHandlerMapping:341 - Mapped URL path [/webjars/**] onto handler of type [class org.springframework.web.servlet.resource.ResourceHttpRequestHandler]
2017-01-10 19:41:19,061  INFO SimpleUrlHandlerMapping:341 - Mapped URL path [/**] onto handler of type [class org.springframework.web.servlet.resource.ResourceHttpRequestHandler]
2017-01-10 19:41:19,093  INFO SimpleUrlHandlerMapping:341 - Mapped URL path [/**/favicon.ico] onto handler of type [class org.springframework.web.servlet.resource.ResourceHttpRequestHandler]
2017-01-10 19:41:19,202  INFO OptionalLiveReloadServer:58 - LiveReload server is running on port 35729
2017-01-10 19:41:19,281  INFO AnnotationMBeanExporter:431 - Registering beans for JMX exposure on startup
2017-01-10 19:41:19,297  INFO Http11NioProtocol:180 - Initializing ProtocolHandler ["http-nio-8080"]
2017-01-10 19:41:19,312  INFO Http11NioProtocol:180 - Starting ProtocolHandler ["http-nio-8080"]
2017-01-10 19:41:19,328  INFO NioSelectorPool:180 - Using a shared selector for servlet write/read
2017-01-10 19:41:19,344  INFO TomcatEmbeddedServletContainer:162 - Tomcat started on port(s): 8080 (http)
2017-01-10 19:41:19,344  INFO Main:57 - Started Main in 4.144 seconds (JVM running for 4.596)
